{"timestamp":"2025-05-26 14:21:57","level":"INFO","message":"Database connected successfully","service":"employee-service","environment":"development","type":"DATABASE","database":"project-inverter"}
{"timestamp":"2025-05-26 14:21:57","level":"INFO","message":"Server started successfully","service":"employee-service","environment":"development","port":"1286","url":"http://localhost:1286","nodeVersion":"v22.16.0","platform":"win32"}
{"timestamp":"2025-05-26 14:24:51","level":"ERROR","message":"Error details:","service":"employee-service","environment":"development","error":"Cannot set property query of #<IncomingMessage> which has only a getter","statusCode":500}
{"timestamp":"2025-05-26 14:24:51","level":"ERROR","message":"Error details:","service":"employee-service","environment":"development","error":"Cannot set property query of #<IncomingMessage> which has only a getter","statusCode":500}
{"timestamp":"2025-05-26 14:39:47","level":"INFO","message":"Database connected successfully","service":"employee-service","environment":"development","type":"DATABASE","database":"project-inverter"}
{"timestamp":"2025-05-26 14:39:47","level":"INFO","message":"Server started successfully","service":"employee-service","environment":"development","port":"1286","url":"http://localhost:1286","nodeVersion":"v22.16.0","platform":"win32"}
{"timestamp":"2025-05-26 14:39:56","level":"ERROR","message":"Error details:","service":"employee-service","environment":"development","error":"Cannot set property query of #<IncomingMessage> which has only a getter","statusCode":500}
{"timestamp":"2025-05-26 14:39:56","level":"ERROR","message":"Error details:","service":"employee-service","environment":"development","error":"Cannot set property query of #<IncomingMessage> which has only a getter","statusCode":500}
{"timestamp":"2025-05-26 14:40:13","level":"ERROR","message":"Error details:","service":"employee-service","environment":"development","error":"Cannot set property query of #<IncomingMessage> which has only a getter","statusCode":500}
{"timestamp":"2025-05-26 14:40:13","level":"ERROR","message":"Error details:","service":"employee-service","environment":"development","error":"Cannot set property query of #<IncomingMessage> which has only a getter","statusCode":500}
{"timestamp":"2025-05-26 14:42:08","level":"INFO","message":"Received SIGINT. Starting graceful shutdown...","service":"employee-service","environment":"development"}
{"timestamp":"2025-05-26 14:43:47","level":"INFO","message":"Database connected successfully","service":"employee-service","environment":"development","type":"DATABASE","database":"project-inverter"}
{"timestamp":"2025-05-26 14:43:47","level":"INFO","message":"Server started successfully","service":"employee-service","environment":"development","port":"1286","url":"http://localhost:1286","nodeVersion":"v22.16.0","platform":"win32"}
{"timestamp":"2025-05-26 14:43:52","level":"INFO","message":"Database connected successfully","service":"employee-service","environment":"development","type":"DATABASE","database":"project-inverter"}
{"timestamp":"2025-05-26 14:43:52","level":"INFO","message":"Server started successfully","service":"employee-service","environment":"development","port":"1286","url":"http://localhost:1286","nodeVersion":"v22.16.0","platform":"win32"}
{"timestamp":"2025-05-26 14:44:04","level":"ERROR","message":"Error details:","service":"employee-service","environment":"development","error":"Cannot set property query of #<IncomingMessage> which has only a getter","statusCode":500}
{"timestamp":"2025-05-26 14:44:04","level":"ERROR","message":"Error details:","service":"employee-service","environment":"development","error":"Cannot set property query of #<IncomingMessage> which has only a getter","statusCode":500}
{"timestamp":"2025-05-26 14:45:47","level":"ERROR","message":"Error details:","service":"employee-service","environment":"development","error":"Cannot set property query of #<IncomingMessage> which has only a getter","statusCode":500}
{"timestamp":"2025-05-26 14:45:47","level":"ERROR","message":"Error details:","service":"employee-service","environment":"development","error":"Cannot set property query of #<IncomingMessage> which has only a getter","statusCode":500}
{"timestamp":"2025-05-26 14:47:08","level":"INFO","message":"Received SIGINT. Starting graceful shutdown...","service":"employee-service","environment":"development"}
{"timestamp":"2025-05-26 14:47:13","level":"INFO","message":"Database connected successfully","service":"employee-service","environment":"development","type":"DATABASE","database":"project-inverter"}
{"timestamp":"2025-05-26 14:47:13","level":"INFO","message":"Server started successfully","service":"employee-service","environment":"development","port":"1286","url":"http://localhost:1286","nodeVersion":"v22.16.0","platform":"win32"}
{"timestamp":"2025-05-26 14:47:15","level":"ERROR","message":"Error details:","service":"employee-service","environment":"development","error":"Cannot set property query of #<IncomingMessage> which has only a getter","statusCode":500}
{"timestamp":"2025-05-26 14:47:15","level":"ERROR","message":"Error details:","service":"employee-service","environment":"development","error":"Cannot set property query of #<IncomingMessage> which has only a getter","statusCode":500}
{"timestamp":"2025-05-26 14:49:20","level":"INFO","message":"Database connected successfully","service":"employee-service","environment":"development","type":"DATABASE","database":"project-inverter"}
{"timestamp":"2025-05-26 14:49:20","level":"INFO","message":"Server started successfully","service":"employee-service","environment":"development","port":"1286","url":"http://localhost:1286","nodeVersion":"v22.16.0","platform":"win32"}
{"timestamp":"2025-05-26 14:49:57","level":"INFO","message":"Database connected successfully","service":"employee-service","environment":"development","type":"DATABASE","database":"project-inverter"}
{"timestamp":"2025-05-26 14:49:57","level":"INFO","message":"Server started successfully","service":"employee-service","environment":"development","port":"1286","url":"http://localhost:1286","nodeVersion":"v22.16.0","platform":"win32"}
{"timestamp":"2025-05-26 14:50:06","level":"ERROR","message":"Error details:","service":"employee-service","environment":"development","error":"Cannot set property query of #<IncomingMessage> which has only a getter","statusCode":500}
{"timestamp":"2025-05-26 14:50:06","level":"ERROR","message":"Error details:","service":"employee-service","environment":"development","error":"Cannot set property query of #<IncomingMessage> which has only a getter","statusCode":500}
{"timestamp":"2025-05-26 14:52:41","level":"INFO","message":"Database connected successfully","service":"employee-service","environment":"development","type":"DATABASE","database":"project-inverter"}
{"timestamp":"2025-05-26 14:52:41","level":"INFO","message":"Server started successfully","service":"employee-service","environment":"development","port":"1286","url":"http://localhost:1286","nodeVersion":"v22.16.0","platform":"win32"}
{"timestamp":"2025-05-26 14:53:29","level":"INFO","message":"Received SIGINT. Starting graceful shutdown...","service":"employee-service","environment":"development"}
{"timestamp":"2025-05-26 14:53:58","level":"INFO","message":"Database connected successfully","service":"employee-service","environment":"development","type":"DATABASE","database":"project-inverter"}
{"timestamp":"2025-05-26 14:53:58","level":"INFO","message":"Server started successfully","service":"employee-service","environment":"development","port":"1286","url":"http://localhost:1286","nodeVersion":"v22.16.0","platform":"win32"}
{"timestamp":"2025-05-26 14:56:31","level":"INFO","message":"Database connected successfully","service":"employee-service","environment":"development","type":"DATABASE","database":"project-inverter"}
{"timestamp":"2025-05-26 14:56:31","level":"INFO","message":"Server started successfully","service":"employee-service","environment":"development","port":"1286","url":"http://localhost:1286","nodeVersion":"v22.16.0","platform":"win32"}
{"timestamp":"2025-05-26 14:56:31","level":"ERROR","message":"Error details:","service":"employee-service","environment":"development","error":"Cannot set property query of #<IncomingMessage> which has only a getter","statusCode":500}
{"timestamp":"2025-05-26 14:56:31","level":"ERROR","message":"Error details:","service":"employee-service","environment":"development","error":"Cannot set property query of #<IncomingMessage> which has only a getter","statusCode":500}
{"timestamp":"2025-05-26 14:57:36","level":"INFO","message":"Database connected successfully","service":"employee-service","environment":"development","type":"DATABASE","database":"project-inverter"}
{"timestamp":"2025-05-26 14:57:36","level":"INFO","message":"Server started successfully","service":"employee-service","environment":"development","port":"1286","url":"http://localhost:1286","nodeVersion":"v22.16.0","platform":"win32"}
{"timestamp":"2025-05-26 14:58:38","level":"INFO","message":"Database connected successfully","service":"employee-service","environment":"development","type":"DATABASE","database":"project-inverter"}
{"timestamp":"2025-05-26 14:58:38","level":"INFO","message":"Server started successfully","service":"employee-service","environment":"development","port":"1286","url":"http://localhost:1286","nodeVersion":"v22.16.0","platform":"win32"}
{"timestamp":"2025-05-26 14:58:44","level":"INFO","message":"Database connected successfully","service":"employee-service","environment":"development","type":"DATABASE","database":"project-inverter"}
{"timestamp":"2025-05-26 14:58:44","level":"INFO","message":"Server started successfully","service":"employee-service","environment":"development","port":"1286","url":"http://localhost:1286","nodeVersion":"v22.16.0","platform":"win32"}
{"timestamp":"2025-05-26 15:02:42","level":"INFO","message":"Received SIGINT. Starting graceful shutdown...","service":"employee-service","environment":"development"}
{"timestamp":"2025-05-26 15:04:48","level":"INFO","message":"Database connected successfully","service":"employee-service","environment":"development","type":"DATABASE","database":"project-inverter"}
{"timestamp":"2025-05-26 15:04:48","level":"INFO","message":"Server started successfully","service":"employee-service","environment":"development","port":"1286","url":"http://localhost:1286","nodeVersion":"v22.16.0","platform":"win32"}
{"timestamp":"2025-05-26 15:07:50","level":"INFO","message":"Database connected successfully","service":"employee-service","environment":"development","type":"DATABASE","database":"project-inverter"}
{"timestamp":"2025-05-26 15:07:50","level":"INFO","message":"Server started successfully","service":"employee-service","environment":"development","port":"1286","url":"http://localhost:1286","nodeVersion":"v22.16.0","platform":"win32"}
{"timestamp":"2025-05-26 15:11:06","level":"INFO","message":"Database connected successfully","service":"employee-service","environment":"development","type":"DATABASE","database":"project-inverter"}
{"timestamp":"2025-05-26 15:11:06","level":"INFO","message":"Server started successfully","service":"employee-service","environment":"development","port":"1286","url":"http://localhost:1286","nodeVersion":"v22.16.0","platform":"win32"}
{"timestamp":"2025-05-26 15:11:08","level":"INFO","message":"Database connected successfully","service":"employee-service","environment":"development","type":"DATABASE","database":"project-inverter"}
{"timestamp":"2025-05-26 15:11:08","level":"INFO","message":"Server started successfully","service":"employee-service","environment":"development","port":"1286","url":"http://localhost:1286","nodeVersion":"v22.16.0","platform":"win32"}
{"timestamp":"2025-05-26 15:13:38","level":"INFO","message":"Database connected successfully","service":"employee-service","environment":"development","type":"DATABASE","database":"project-inverter"}
{"timestamp":"2025-05-26 15:13:38","level":"INFO","message":"Server started successfully","service":"employee-service","environment":"development","port":"1286","url":"http://localhost:1286","nodeVersion":"v22.16.0","platform":"win32"}
{"timestamp":"2025-05-26 15:13:46","level":"INFO","message":"Incoming request","service":"employee-service","environment":"development","type":"API","method":"GET","url":"/","ip":"::1","userAgent":"Mozilla/5.0 (Windows NT 10.0; Win64; x64) AppleWebKit/537.36 (KHTML, like Gecko) Chrome/136.0.0.0 Safari/537.36"}
{"timestamp":"2025-05-26 15:13:46","level":"INFO","message":"Request completed","service":"employee-service","environment":"development","type":"API","method":"GET","url":"/","statusCode":200,"duration":"10ms","contentLength":"141"}
{"timestamp":"2025-05-26 15:13:46","level":"INFO","message":"Incoming request","service":"employee-service","environment":"development","type":"API","method":"GET","url":"/favicon.ico","ip":"::1","userAgent":"Mozilla/5.0 (Windows NT 10.0; Win64; x64) AppleWebKit/537.36 (KHTML, like Gecko) Chrome/136.0.0.0 Safari/537.36"}
{"timestamp":"2025-05-26 15:13:46","level":"WARN","message":"404 - Route not found","service":"employee-service","environment":"development","type":"SECURITY","method":"GET","url":"/favicon.ico","ip":"::1","userAgent":"Mozilla/5.0 (Windows NT 10.0; Win64; x64) AppleWebKit/537.36 (KHTML, like Gecko) Chrome/136.0.0.0 Safari/537.36"}
{"timestamp":"2025-05-26 15:13:46","level":"INFO","message":"Request completed","service":"employee-service","environment":"development","type":"API","method":"GET","url":"/favicon.ico","statusCode":404,"duration":"9ms"}
{"timestamp":"2025-05-26 15:14:00","level":"INFO","message":"Incoming request","service":"employee-service","environment":"development","type":"API","method":"GET","url":"/health","ip":"::1","userAgent":"Mozilla/5.0 (Windows NT 10.0; Win64; x64) AppleWebKit/537.36 (KHTML, like Gecko) Chrome/136.0.0.0 Safari/537.36"}
{"timestamp":"2025-05-26 15:14:00","level":"INFO","message":"Request completed","service":"employee-service","environment":"development","type":"API","method":"GET","url":"/health","statusCode":200,"duration":"4ms","contentLength":"242"}
{"timestamp":"2025-05-26 15:14:11","level":"INFO","message":"Database connected successfully","service":"employee-service","environment":"development","type":"DATABASE","database":"project-inverter"}
{"timestamp":"2025-05-26 15:14:11","level":"INFO","message":"Server started successfully","service":"employee-service","environment":"development","port":"1286","url":"http://localhost:1286","nodeVersion":"v22.16.0","platform":"win32"}
{"timestamp":"2025-05-26 15:14:18","level":"INFO","message":"Received SIGINT. Starting graceful shutdown...","service":"employee-service","environment":"development"}
{"timestamp":"2025-05-26 15:23:37","level":"INFO","message":"Database connected successfully","service":"employee-service","environment":"development","type":"DATABASE","database":"project-inverter"}
{"timestamp":"2025-05-26 15:23:37","level":"INFO","message":"Server started successfully","service":"employee-service","environment":"development","port":"1286","url":"http://localhost:1286","nodeVersion":"v22.16.0","platform":"win32"}
{"timestamp":"2025-05-26 15:23:51","level":"INFO","message":"Incoming request","service":"employee-service","environment":"development","type":"API","method":"POST","url":"/api/v1/employees/signup","ip":"::1","userAgent":"PostmanRuntime/7.37.3","contentLength":"414"}
{"timestamp":"2025-05-26 15:25:32","level":"INFO","message":"Database connected successfully","service":"employee-service","environment":"development","type":"DATABASE","database":"project-inverter"}
{"timestamp":"2025-05-26 15:25:32","level":"INFO","message":"Server started successfully","service":"employee-service","environment":"development","port":"1286","url":"http://localhost:1286","nodeVersion":"v22.16.0","platform":"win32"}
{"timestamp":"2025-05-26 15:25:36","level":"INFO","message":"Incoming request","service":"employee-service","environment":"development","type":"API","method":"POST","url":"/api/v1/employees/signup","ip":"::1","userAgent":"PostmanRuntime/7.37.3","contentLength":"414"}
{"timestamp":"2025-05-26 15:25:53","level":"INFO","message":"Database connected successfully","service":"employee-service","environment":"development","type":"DATABASE","database":"project-inverter"}
{"timestamp":"2025-05-26 15:25:53","level":"INFO","message":"Server started successfully","service":"employee-service","environment":"development","port":"1286","url":"http://localhost:1286","nodeVersion":"v22.16.0","platform":"win32"}
{"timestamp":"2025-05-26 15:25:57","level":"INFO","message":"Incoming request","service":"employee-service","environment":"development","type":"API","method":"POST","url":"/api/v1/employees/signup","ip":"::1","userAgent":"PostmanRuntime/7.37.3","contentLength":"414"}
{"timestamp":"2025-05-26 15:27:02","level":"INFO","message":"Database connected successfully","service":"employee-service","environment":"development","type":"DATABASE","database":"project-inverter"}
{"timestamp":"2025-05-26 15:27:02","level":"INFO","message":"Server started successfully","service":"employee-service","environment":"development","port":"1286","url":"http://localhost:1286","nodeVersion":"v22.16.0","platform":"win32"}
{"timestamp":"2025-05-26 15:27:06","level":"INFO","message":"Incoming request","service":"employee-service","environment":"development","type":"API","method":"POST","url":"/api/v1/employees/signup","ip":"::1","userAgent":"PostmanRuntime/7.37.3","contentLength":"414"}
{"timestamp":"2025-05-26 15:29:59","level":"INFO","message":"Database connected successfully","service":"employee-service","environment":"development","type":"DATABASE","database":"project-inverter"}
{"timestamp":"2025-05-26 15:29:59","level":"INFO","message":"Server started successfully","service":"employee-service","environment":"development","port":"1286","url":"http://localhost:1286","nodeVersion":"v22.16.0","platform":"win32"}
{"timestamp":"2025-05-26 15:30:03","level":"INFO","message":"Incoming request","service":"employee-service","environment":"development","type":"API","method":"POST","url":"/api/v1/employees/signup","ip":"::1","userAgent":"PostmanRuntime/7.37.3","contentLength":"414"}
{"timestamp":"2025-05-26 15:31:31","level":"INFO","message":"Database connected successfully","service":"employee-service","environment":"development","type":"DATABASE","database":"project-inverter"}
{"timestamp":"2025-05-26 15:31:31","level":"INFO","message":"Server started successfully","service":"employee-service","environment":"development","port":"1286","url":"http://localhost:1286","nodeVersion":"v22.16.0","platform":"win32"}
{"timestamp":"2025-05-26 15:33:49","level":"INFO","message":"Database connected successfully","service":"employee-service","environment":"development","type":"DATABASE","database":"project-inverter"}
{"timestamp":"2025-05-26 15:33:49","level":"INFO","message":"Server started successfully","service":"employee-service","environment":"development","port":"1286","url":"http://localhost:1286","nodeVersion":"v22.16.0","platform":"win32"}
{"timestamp":"2025-05-26 15:34:06","level":"INFO","message":"Database connected successfully","service":"employee-service","environment":"development","type":"DATABASE","database":"project-inverter"}
{"timestamp":"2025-05-26 15:34:06","level":"INFO","message":"Server started successfully","service":"employee-service","environment":"development","port":"1286","url":"http://localhost:1286","nodeVersion":"v22.16.0","platform":"win32"}
{"timestamp":"2025-05-26 15:34:55","level":"INFO","message":"Incoming request","service":"employee-service","environment":"development","type":"API","method":"POST","url":"/api/v1/employees/signup","ip":"::1","userAgent":"PostmanRuntime/7.37.3","contentLength":"444"}
{"timestamp":"2025-05-26 15:36:37","level":"INFO","message":"Database connected successfully","service":"employee-service","environment":"development","type":"DATABASE","database":"project-inverter"}
{"timestamp":"2025-05-26 15:36:37","level":"INFO","message":"Server started successfully","service":"employee-service","environment":"development","port":"1286","url":"http://localhost:1286","nodeVersion":"v22.16.0","platform":"win32"}
{"timestamp":"2025-05-26 15:36:40","level":"INFO","message":"Incoming request","service":"employee-service","environment":"development","type":"API","method":"POST","url":"/api/v1/employees/signup","ip":"::1","userAgent":"PostmanRuntime/7.37.3","contentLength":"445"}
{"timestamp":"2025-05-26 15:44:53","level":"INFO","message":"Database connected successfully","service":"employee-service","environment":"development","type":"DATABASE","database":"project-inverter"}
{"timestamp":"2025-05-26 15:44:53","level":"INFO","message":"Server started successfully","service":"employee-service","environment":"development","port":"1286","url":"http://localhost:1286","nodeVersion":"v22.16.0","platform":"win32"}
{"timestamp":"2025-05-26 15:45:00","level":"INFO","message":"Incoming request","service":"employee-service","environment":"development","type":"API","method":"POST","url":"/api/v1/employees/signup","ip":"::1","userAgent":"PostmanRuntime/7.37.3","contentLength":"445"}
{"timestamp":"2025-05-26 15:47:11","level":"INFO","message":"Database connected successfully","service":"employee-service","environment":"development","type":"DATABASE","database":"project-inverter"}
{"timestamp":"2025-05-26 15:47:11","level":"INFO","message":"Server started successfully","service":"employee-service","environment":"development","port":"1286","url":"http://localhost:1286","nodeVersion":"v22.16.0","platform":"win32"}
{"timestamp":"2025-05-26 16:03:44","level":"INFO","message":"Database connected successfully","service":"employee-service","environment":"development","type":"DATABASE","database":"project-inverter"}
{"timestamp":"2025-05-26 16:03:44","level":"INFO","message":"Server started successfully","service":"employee-service","environment":"development","port":"1286","url":"http://localhost:1286","nodeVersion":"v22.16.0","platform":"win32"}
{"timestamp":"2025-05-26 16:03:50","level":"INFO","message":"Received SIGINT. Starting graceful shutdown...","service":"employee-service","environment":"development"}
{"timestamp":"2025-05-26 16:04:01","level":"INFO","message":"Database connected successfully","service":"employee-service","environment":"development","type":"DATABASE","database":"project-inverter"}
{"timestamp":"2025-05-26 16:04:01","level":"INFO","message":"Server started successfully","service":"employee-service","environment":"development","port":"1286","url":"http://localhost:1286","nodeVersion":"v22.16.0","platform":"win32"}
{"timestamp":"2025-05-26 16:04:05","level":"INFO","message":"Incoming request","service":"employee-service","environment":"development","type":"API","method":"POST","url":"/api/v1/employees/signup","ip":"::1","userAgent":"PostmanRuntime/7.37.3","contentLength":"445"}
{"timestamp":"2025-05-26 16:09:46","level":"INFO","message":"Database connected successfully","service":"employee-service","environment":"development","type":"DATABASE","database":"project-inverter"}
{"timestamp":"2025-05-26 16:09:46","level":"INFO","message":"Server started successfully","service":"employee-service","environment":"development","port":"1286","url":"http://localhost:1286","nodeVersion":"v22.16.0","platform":"win32"}
{"timestamp":"2025-05-26 16:09:53","level":"INFO","message":"Received SIGINT. Starting graceful shutdown...","service":"employee-service","environment":"development"}
{"timestamp":"2025-05-26 16:09:58","level":"INFO","message":"Database connected successfully","service":"employee-service","environment":"development","type":"DATABASE","database":"project-inverter"}
{"timestamp":"2025-05-26 16:09:58","level":"INFO","message":"Server started successfully","service":"employee-service","environment":"development","port":"1286","url":"http://localhost:1286","nodeVersion":"v22.16.0","platform":"win32"}
{"timestamp":"2025-05-26 16:10:01","level":"INFO","message":"Incoming request","service":"employee-service","environment":"development","type":"API","method":"POST","url":"/api/v1/employees/signup","ip":"::1","userAgent":"PostmanRuntime/7.37.3","contentLength":"445"}
{"timestamp":"2025-05-26 16:10:44","level":"INFO","message":"Database connected successfully","service":"employee-service","environment":"development","type":"DATABASE","database":"project-inverter"}
{"timestamp":"2025-05-26 16:10:44","level":"INFO","message":"Server started successfully","service":"employee-service","environment":"development","port":"1286","url":"http://localhost:1286","nodeVersion":"v22.16.0","platform":"win32"}
{"timestamp":"2025-05-26 16:10:46","level":"INFO","message":"Received SIGINT. Starting graceful shutdown...","service":"employee-service","environment":"development"}
{"timestamp":"2025-05-26 16:10:52","level":"INFO","message":"Database connected successfully","service":"employee-service","environment":"development","type":"DATABASE","database":"project-inverter"}
{"timestamp":"2025-05-26 16:10:52","level":"INFO","message":"Server started successfully","service":"employee-service","environment":"development","port":"1286","url":"http://localhost:1286","nodeVersion":"v22.16.0","platform":"win32"}
{"timestamp":"2025-05-26 16:10:53","level":"INFO","message":"Incoming request","service":"employee-service","environment":"development","type":"API","method":"POST","url":"/api/v1/employees/signup","ip":"::1","userAgent":"PostmanRuntime/7.37.3","contentLength":"445"}
{"timestamp":"2025-05-26 16:14:01","level":"INFO","message":"Database connected successfully","service":"employee-service","environment":"development","type":"DATABASE","database":"project-inverter"}
{"timestamp":"2025-05-26 16:14:01","level":"INFO","message":"Server started successfully","service":"employee-service","environment":"development","port":"1286","url":"http://localhost:1286","nodeVersion":"v22.16.0","platform":"win32"}
{"timestamp":"2025-05-26 16:14:03","level":"INFO","message":"Database connected successfully","service":"employee-service","environment":"development","type":"DATABASE","database":"project-inverter"}
{"timestamp":"2025-05-26 16:14:03","level":"INFO","message":"Server started successfully","service":"employee-service","environment":"development","port":"1286","url":"http://localhost:1286","nodeVersion":"v22.16.0","platform":"win32"}
{"timestamp":"2025-05-26 16:14:06","level":"INFO","message":"Received SIGINT. Starting graceful shutdown...","service":"employee-service","environment":"development"}
{"timestamp":"2025-05-26 16:14:13","level":"INFO","message":"Database connected successfully","service":"employee-service","environment":"development","type":"DATABASE","database":"project-inverter"}
{"timestamp":"2025-05-26 16:14:13","level":"INFO","message":"Server started successfully","service":"employee-service","environment":"development","port":"1286","url":"http://localhost:1286","nodeVersion":"v22.16.0","platform":"win32"}
{"timestamp":"2025-05-26 16:14:16","level":"INFO","message":"Incoming request","service":"employee-service","environment":"development","type":"API","method":"POST","url":"/api/v1/employees/signup","ip":"::1","userAgent":"PostmanRuntime/7.37.3","contentLength":"445"}
{"timestamp":"2025-05-26 16:15:18","level":"INFO","message":"Database connected successfully","service":"employee-service","environment":"development","type":"DATABASE","database":"project-inverter"}
{"timestamp":"2025-05-26 16:15:18","level":"INFO","message":"Server started successfully","service":"employee-service","environment":"development","port":"1286","url":"http://localhost:1286","nodeVersion":"v22.16.0","platform":"win32"}
{"timestamp":"2025-05-26 16:15:21","level":"INFO","message":"Received SIGINT. Starting graceful shutdown...","service":"employee-service","environment":"development"}
{"timestamp":"2025-05-26 16:15:27","level":"INFO","message":"Database connected successfully","service":"employee-service","environment":"development","type":"DATABASE","database":"project-inverter"}
{"timestamp":"2025-05-26 16:15:27","level":"INFO","message":"Server started successfully","service":"employee-service","environment":"development","port":"1286","url":"http://localhost:1286","nodeVersion":"v22.16.0","platform":"win32"}
{"timestamp":"2025-05-26 16:16:23","level":"INFO","message":"Incoming request","service":"employee-service","environment":"development","type":"API","method":"POST","url":"/api/v1/employees/signup","ip":"::1","userAgent":"PostmanRuntime/7.37.3","contentLength":"445"}
{"timestamp":"2025-05-26 16:18:42","level":"INFO","message":"Database connected successfully","service":"employee-service","environment":"development","type":"DATABASE","database":"project-inverter"}
{"timestamp":"2025-05-26 16:18:42","level":"INFO","message":"Server started successfully","service":"employee-service","environment":"development","port":"1286","url":"http://localhost:1286","nodeVersion":"v22.16.0","platform":"win32"}
{"timestamp":"2025-05-26 16:24:21","level":"INFO","message":"Database connected successfully","service":"employee-service","environment":"development","type":"DATABASE","database":"project-inverter"}
{"timestamp":"2025-05-26 16:24:21","level":"INFO","message":"Server started successfully","service":"employee-service","environment":"development","port":"1286","url":"http://localhost:1286","nodeVersion":"v22.16.0","platform":"win32"}
{"timestamp":"2025-05-26 16:24:27","level":"INFO","message":"Database connected successfully","service":"employee-service","environment":"development","type":"DATABASE","database":"project-inverter"}
{"timestamp":"2025-05-26 16:24:27","level":"INFO","message":"Server started successfully","service":"employee-service","environment":"development","port":"1286","url":"http://localhost:1286","nodeVersion":"v22.16.0","platform":"win32"}
{"timestamp":"2025-05-26 16:24:29","level":"INFO","message":"Received SIGINT. Starting graceful shutdown...","service":"employee-service","environment":"development"}
{"timestamp":"2025-05-26 16:24:36","level":"INFO","message":"Database connected successfully","service":"employee-service","environment":"development","type":"DATABASE","database":"project-inverter"}
{"timestamp":"2025-05-26 16:24:36","level":"INFO","message":"Server started successfully","service":"employee-service","environment":"development","port":"1286","url":"http://localhost:1286","nodeVersion":"v22.16.0","platform":"win32"}
{"timestamp":"2025-05-26 16:24:40","level":"INFO","message":"Incoming request","service":"employee-service","environment":"development","type":"API","method":"POST","url":"/api/v1/employees/signup","ip":"::1","userAgent":"PostmanRuntime/7.37.3","contentLength":"445"}
{"timestamp":"2025-05-26 16:27:47","level":"INFO","message":"Database connected successfully","service":"employee-service","environment":"development","type":"DATABASE","database":"project-inverter"}
{"timestamp":"2025-05-26 16:27:47","level":"INFO","message":"Server started successfully","service":"employee-service","environment":"development","port":"1286","url":"http://localhost:1286","nodeVersion":"v22.16.0","platform":"win32"}
{"timestamp":"2025-05-26 16:27:52","level":"INFO","message":"Incoming request","service":"employee-service","environment":"development","type":"API","method":"POST","url":"/api/v1/employees/signup","ip":"::1","userAgent":"PostmanRuntime/7.37.3","contentLength":"445"}
{"timestamp":"2025-05-27 17:51:27","level":"INFO","message":"Database connected successfully","service":"employee-service","environment":"development","type":"DATABASE","database":"project-inverter"}
{"timestamp":"2025-05-29 18:19:51","level":"INFO","message":"Database connected successfully","service":"employee-service","environment":"development","type":"DATABASE","database":"project-inverter"}
{"timestamp":"2025-05-29 18:19:51","level":"INFO","message":"Server started successfully","service":"employee-service","environment":"development","port":"1286","url":"http://localhost:1286","nodeVersion":"v22.16.0","platform":"win32"}
{"timestamp":"2025-05-29 18:20:00","level":"INFO","message":"Database connected successfully","service":"employee-service","environment":"development","type":"DATABASE","database":"project-inverter"}
{"timestamp":"2025-05-29 18:20:00","level":"INFO","message":"Server started successfully","service":"employee-service","environment":"development","port":"1286","url":"http://localhost:1286","nodeVersion":"v22.16.0","platform":"win32"}
{"timestamp":"2025-05-31 12:16:51","level":"INFO","message":"Database connected successfully","service":"employee-service","environment":"development","type":"DATABASE","database":"project-inverter"}
{"timestamp":"2025-05-31 12:16:51","level":"INFO","message":"Server started on port 1280","service":"employee-service","environment":"development"}
{"timestamp":"2025-05-31 12:18:00","level":"INFO","message":"Database connected successfully","service":"employee-service","environment":"development","type":"DATABASE","database":"project-inverter"}
{"timestamp":"2025-05-31 12:18:51","level":"INFO","message":"Database connected successfully","service":"employee-service","environment":"development","type":"DATABASE","database":"project-inverter"}
{"timestamp":"2025-05-31 12:18:51","level":"INFO","message":"Server started on port 1280","service":"employee-service","environment":"development"}
{"timestamp":"2025-05-31 12:18:56","level":"INFO","message":"Received SIGINT. Shutting down gracefully...","service":"employee-service","environment":"development"}
{"timestamp":"2025-05-31 12:19:17","level":"INFO","message":"Database connected successfully","service":"employee-service","environment":"development","type":"DATABASE","database":"project-inverter"}
{"timestamp":"2025-05-31 12:19:17","level":"INFO","message":"Server started on port 1280","service":"employee-service","environment":"development"}
{"timestamp":"2025-05-31 12:19:48","level":"INFO","message":"Received SIGINT. Shutting down gracefully...","service":"employee-service","environment":"development"}
{"timestamp":"2025-05-31 12:19:54","level":"INFO","message":"Database connected successfully","service":"employee-service","environment":"development","type":"DATABASE","database":"project-inverter"}
{"timestamp":"2025-05-31 12:19:54","level":"INFO","message":"Server started on port 1280","service":"employee-service","environment":"development"}
{"timestamp":"2025-05-31 12:20:10","level":"INFO","message":"Incoming POST request to /","service":"employee-service","environment":"development","type":"API"}
{"timestamp":"2025-05-31 12:20:10","level":"ERROR","message":"NotFoundException: Endpoint 'POST /' not found. Endpoint 'POST /' not found.","service":"employee-service","environment":"development","success":false,"name":"NotFoundException","statusCode":404,"errors":null,"stack":"NotFoundException: Endpoint 'POST /' not found.\n    at file:///C:/prgm/smart-enterprice/server.js:136:10\n    at Layer.handleRequest (C:\\prgm\\smart-enterprice\\node_modules\\router\\lib\\layer.js:152:17)\n    at trimPrefix (C:\\prgm\\smart-enterprice\\node_modules\\router\\index.js:342:13)\n    at C:\\prgm\\smart-enterprice\\node_modules\\router\\index.js:297:9\n    at processParams (C:\\prgm\\smart-enterprice\\node_modules\\router\\index.js:582:12)\n    at next (C:\\prgm\\smart-enterprice\\node_modules\\router\\index.js:291:5)\n    at file:///C:/prgm/smart-enterprice/server.js:78:5\n    at Layer.handleRequest (C:\\prgm\\smart-enterprice\\node_modules\\router\\lib\\layer.js:152:17)\n    at trimPrefix (C:\\prgm\\smart-enterprice\\node_modules\\router\\index.js:342:13)\n    at C:\\prgm\\smart-enterprice\\node_modules\\router\\index.js:297:9"}
{"timestamp":"2025-05-31 12:20:38","level":"INFO","message":"Incoming POST request to /","service":"employee-service","environment":"development","type":"API"}
{"timestamp":"2025-05-31 12:20:38","level":"ERROR","message":"NotFoundException: Endpoint 'POST /' not found. Endpoint 'POST /' not found.","service":"employee-service","environment":"development","success":false,"name":"NotFoundException","statusCode":404,"errors":null,"stack":"NotFoundException: Endpoint 'POST /' not found.\n    at file:///C:/prgm/smart-enterprice/server.js:136:10\n    at Layer.handleRequest (C:\\prgm\\smart-enterprice\\node_modules\\router\\lib\\layer.js:152:17)\n    at trimPrefix (C:\\prgm\\smart-enterprice\\node_modules\\router\\index.js:342:13)\n    at C:\\prgm\\smart-enterprice\\node_modules\\router\\index.js:297:9\n    at processParams (C:\\prgm\\smart-enterprice\\node_modules\\router\\index.js:582:12)\n    at next (C:\\prgm\\smart-enterprice\\node_modules\\router\\index.js:291:5)\n    at file:///C:/prgm/smart-enterprice/server.js:78:5\n    at Layer.handleRequest (C:\\prgm\\smart-enterprice\\node_modules\\router\\lib\\layer.js:152:17)\n    at trimPrefix (C:\\prgm\\smart-enterprice\\node_modules\\router\\index.js:342:13)\n    at C:\\prgm\\smart-enterprice\\node_modules\\router\\index.js:297:9"}
{"timestamp":"2025-05-31 12:20:46","level":"INFO","message":"Incoming GET request to /","service":"employee-service","environment":"development","type":"API"}
{"timestamp":"2025-05-31 12:25:17","level":"INFO","message":"Database connected successfully","service":"employee-service","environment":"development","type":"DATABASE","database":"project-inverter"}
{"timestamp":"2025-05-31 12:25:18","level":"INFO","message":"Server started on port 1280","service":"employee-service","environment":"development"}
{"timestamp":"2025-05-31 12:25:29","level":"INFO","message":"Incoming GET request to /health","service":"employee-service","environment":"development","type":"API"}
{"timestamp":"2025-05-31 12:26:21","level":"INFO","message":"Received SIGINT. Shutting down gracefully...","service":"employee-service","environment":"development"}
{"timestamp":"2025-05-31 12:26:32","level":"INFO","message":"Database connected successfully","service":"employee-service","environment":"development","type":"DATABASE","database":"project-inverter"}
{"timestamp":"2025-05-31 12:26:32","level":"INFO","message":"Server started on port 1280","service":"employee-service","environment":"development"}
{"timestamp":"2025-05-31 12:26:39","level":"INFO","message":"Incoming GET request to /health","service":"employee-service","environment":"development","type":"API"}
{"timestamp":"2025-05-31 12:28:02","level":"INFO","message":"Incoming POST request to /api/v1/employees/signup","service":"employee-service","environment":"development","type":"API"}
{"timestamp":"2025-05-31 12:28:02","level":"INFO","message":"Signup attempt:","service":"employee-service","environment":"development","email":"john.doe@example.com","role":"ROLE_AJMS","ip":"::1","userAgent":"PostmanRuntime/7.37.3"}
{"timestamp":"2025-05-31 12:28:02","level":"ERROR","message":"ValidationException: Validation failed Validation failed","service":"employee-service","environment":"development","success":false,"name":"ValidationException","statusCode":422,"errors":[{"field":"role","message":"Role must be one of: ROLE_ADMIN, ROLE_SUPERVISOR, ROLE_MANAGER"}],"stack":"ValidationException: Validation failed\n    at validateEmployeeData (file:///C:/prgm/smart-enterprice/service/employeeService.js:87:15)\n    at file:///C:/prgm/smart-enterprice/service/employeeService.js:162:9\n    at Object.asyncUtilWrap [as createEmployee] (C:\\prgm\\smart-enterprice\\node_modules\\express-async-handler\\index.js:3:20)\n    at file:///C:/prgm/smart-enterprice/controllers/employeeController.js:61:55\n    at asyncUtilWrap (C:\\prgm\\smart-enterprice\\node_modules\\express-async-handler\\index.js:3:20)\n    at Layer.handleRequest (C:\\prgm\\smart-enterprice\\node_modules\\router\\lib\\layer.js:152:17)\n    at next (C:\\prgm\\smart-enterprice\\node_modules\\router\\lib\\route.js:157:13)\n    at sanitizeInput (file:///C:/prgm/smart-enterprice/controllers/employeeController.js:22:5)\n    at Layer.handleRequest (C:\\prgm\\smart-enterprice\\node_modules\\router\\lib\\layer.js:152:17)\n    at next (C:\\prgm\\smart-enterprice\\node_modules\\router\\lib\\route.js:157:13)"}
{"timestamp":"2025-05-31 12:28:45","level":"INFO","message":"Database connected successfully","service":"employee-service","environment":"development","type":"DATABASE","database":"project-inverter"}
{"timestamp":"2025-05-31 12:28:45","level":"INFO","message":"Server started on port 1280","service":"employee-service","environment":"development"}
{"timestamp":"2025-05-31 12:28:50","level":"INFO","message":"Incoming POST request to /api/v1/employees/signup","service":"employee-service","environment":"development","type":"API"}
{"timestamp":"2025-05-31 12:28:50","level":"INFO","message":"Signup attempt:","service":"employee-service","environment":"development","email":"john.doe@example.com","role":"ROLE_AJMS","ip":"::1","userAgent":"PostmanRuntime/7.37.3"}
{"timestamp":"2025-05-31 12:28:50","level":"ERROR","message":"ValidationException: Validation failed Validation failed","service":"employee-service","environment":"development","success":false,"name":"ValidationException","statusCode":422,"errors":[{"field":"role","message":"Role must be one of: ROLE_ADMIN, ROLE_SUPERVISOR, ROLE_MANAGER"}],"stack":"ValidationException: Validation failed\n    at validateEmployeeData (file:///C:/prgm/smart-enterprice/service/employeeService.js:87:15)\n    at file:///C:/prgm/smart-enterprice/service/employeeService.js:162:9\n    at Object.asyncUtilWrap [as createEmployee] (C:\\prgm\\smart-enterprice\\node_modules\\express-async-handler\\index.js:3:20)\n    at file:///C:/prgm/smart-enterprice/controllers/employeeController.js:61:55\n    at asyncUtilWrap (C:\\prgm\\smart-enterprice\\node_modules\\express-async-handler\\index.js:3:20)\n    at Layer.handleRequest (C:\\prgm\\smart-enterprice\\node_modules\\router\\lib\\layer.js:152:17)\n    at next (C:\\prgm\\smart-enterprice\\node_modules\\router\\lib\\route.js:157:13)\n    at sanitizeInput (file:///C:/prgm/smart-enterprice/controllers/employeeController.js:22:5)\n    at Layer.handleRequest (C:\\prgm\\smart-enterprice\\node_modules\\router\\lib\\layer.js:152:17)\n    at next (C:\\prgm\\smart-enterprice\\node_modules\\router\\lib\\route.js:157:13)"}
{"timestamp":"2025-05-31 12:29:02","level":"INFO","message":"Database connected successfully","service":"employee-service","environment":"development","type":"DATABASE","database":"project-inverter"}
{"timestamp":"2025-05-31 12:29:02","level":"INFO","message":"Server started on port 1280","service":"employee-service","environment":"development"}
{"timestamp":"2025-05-31 12:29:03","level":"INFO","message":"Received SIGINT. Shutting down gracefully...","service":"employee-service","environment":"development"}
{"timestamp":"2025-05-31 12:29:47","level":"INFO","message":"Database connected successfully","service":"employee-service","environment":"development","type":"DATABASE","database":"project-inverter"}
{"timestamp":"2025-05-31 12:29:47","level":"INFO","message":"Server started on port 1280","service":"employee-service","environment":"development"}
{"timestamp":"2025-05-31 12:29:49","level":"INFO","message":"Incoming POST request to /api/v1/employees/signup","service":"employee-service","environment":"development","type":"API"}
{"timestamp":"2025-05-31 12:29:49","level":"INFO","message":"Signup attempt:","service":"employee-service","environment":"development","email":"john.doe@example.com","role":"ROLE_AJMS","ip":"::1","userAgent":"PostmanRuntime/7.37.3"}
{"timestamp":"2025-05-31 12:29:49","level":"ERROR","message":"ValidationException: Validation failed Validation failed","service":"employee-service","environment":"development","success":false,"name":"ValidationException","statusCode":422,"errors":[{"field":"role","message":"Role must be one of: ROLE_ADMIN, ROLE_SUPERVISOR, ROLE_MANAGER"}]}
{"timestamp":"2025-05-31 12:30:09","level":"INFO","message":"Database connected successfully","service":"employee-service","environment":"development","type":"DATABASE","database":"project-inverter"}
{"timestamp":"2025-05-31 12:30:09","level":"INFO","message":"Server started on port 1280","service":"employee-service","environment":"development"}
{"timestamp":"2025-05-31 12:30:41","level":"INFO","message":"Incoming POST request to /api/v1/employees/signup","service":"employee-service","environment":"development","type":"API"}
{"timestamp":"2025-05-31 12:30:41","level":"INFO","message":"Signup attempt:","service":"employee-service","environment":"development","email":"john.doe@example.com","role":"ROLE_MANAGER","ip":"::1","userAgent":"PostmanRuntime/7.37.3"}
{"timestamp":"2025-05-31 12:30:41","level":"INFO","message":"Generated Employee ID: 6023-9639-2989","service":"employee-service","environment":"development"}
{"timestamp":"2025-05-31 12:30:41","level":"INFO","message":"Employee created: 6023-9639-2989","service":"employee-service","environment":"development"}
{"timestamp":"2025-05-31 12:34:48","level":"INFO","message":"Incoming POST request to /api/v1/auth/signin","service":"employee-service","environment":"development","type":"API"}
{"timestamp":"2025-05-31 12:34:48","level":"INFO","message":"Signin attempt:","service":"employee-service","environment":"development","ip":"::1","userAgent":"PostmanRuntime/7.37.3"}
{"timestamp":"2025-05-31 12:34:48","level":"ERROR","message":"BadRequestException: Email and password are required Email and password are required","service":"employee-service","environment":"development","success":false,"name":"BadRequestException","statusCode":400,"errors":null,"stack":"BadRequestException: Email and password are required\n    at file:///C:/prgm/smart-enterprice/controllers/authController.js:53:23\n    at asyncUtilWrap (C:\\prgm\\smart-enterprice\\node_modules\\express-async-handler\\index.js:3:20)\n    at Layer.handleRequest (C:\\prgm\\smart-enterprice\\node_modules\\router\\lib\\layer.js:152:17)\n    at next (C:\\prgm\\smart-enterprice\\node_modules\\router\\lib\\route.js:157:13)\n    at sanitizeInput (file:///C:/prgm/smart-enterprice/controllers/authController.js:18:5)\n    at Layer.handleRequest (C:\\prgm\\smart-enterprice\\node_modules\\router\\lib\\layer.js:152:17)\n    at next (C:\\prgm\\smart-enterprice\\node_modules\\router\\lib\\route.js:157:13)\n    at file:///C:/prgm/smart-enterprice/node_modules/express-rate-limit/dist/index.mjs:794:7\n    at process.processTicksAndRejections (node:internal/process/task_queues:105:5)\n    at async file:///C:/prgm/smart-enterprice/node_modules/express-rate-limit/dist/index.mjs:676:5"}
{"timestamp":"2025-05-31 12:35:45","level":"INFO","message":"Database connected successfully","service":"employee-service","environment":"development","type":"DATABASE","database":"project-inverter"}
{"timestamp":"2025-05-31 12:35:45","level":"INFO","message":"Server started on port 1280","service":"employee-service","environment":"development"}
{"timestamp":"2025-05-31 12:35:58","level":"INFO","message":"Incoming POST request to /api/v1/auth/signin","service":"employee-service","environment":"development","type":"API"}
{"timestamp":"2025-05-31 12:35:58","level":"INFO","message":"Signin attempt:","service":"employee-service","environment":"development","email":"john.doe@example.com","ip":"::1","userAgent":"PostmanRuntime/7.37.3"}
{"timestamp":"2025-05-31 12:35:58","level":"ERROR","message":"BadRequestException: Email and password are required Email and password are required","service":"employee-service","environment":"development","success":false,"name":"BadRequestException","statusCode":400,"errors":null,"stack":"BadRequestException: Email and password are required\n    at file:///C:/prgm/smart-enterprice/controllers/authController.js:53:23\n    at asyncUtilWrap (C:\\prgm\\smart-enterprice\\node_modules\\express-async-handler\\index.js:3:20)\n    at Layer.handleRequest (C:\\prgm\\smart-enterprice\\node_modules\\router\\lib\\layer.js:152:17)\n    at next (C:\\prgm\\smart-enterprice\\node_modules\\router\\lib\\route.js:157:13)\n    at sanitizeInput (file:///C:/prgm/smart-enterprice/controllers/authController.js:18:5)\n    at Layer.handleRequest (C:\\prgm\\smart-enterprice\\node_modules\\router\\lib\\layer.js:152:17)\n    at next (C:\\prgm\\smart-enterprice\\node_modules\\router\\lib\\route.js:157:13)\n    at file:///C:/prgm/smart-enterprice/node_modules/express-rate-limit/dist/index.mjs:794:7\n    at process.processTicksAndRejections (node:internal/process/task_queues:105:5)\n    at async file:///C:/prgm/smart-enterprice/node_modules/express-rate-limit/dist/index.mjs:676:5"}
{"timestamp":"2025-05-31 12:36:16","level":"INFO","message":"Incoming POST request to /api/v1/auth/signin","service":"employee-service","environment":"development","type":"API"}
{"timestamp":"2025-05-31 12:36:16","level":"INFO","message":"Signin attempt:","service":"employee-service","environment":"development","email":"e@example.com","ip":"::1","userAgent":"PostmanRuntime/7.37.3"}
{"timestamp":"2025-05-31 12:36:16","level":"WARN","message":"Failed login attempt for email: e@example.com","service":"employee-service","environment":"development"}
{"timestamp":"2025-05-31 12:36:16","level":"ERROR","message":"UnauthorizedException: Invalid credentials Invalid credentials","service":"employee-service","environment":"development","success":false,"name":"UnauthorizedException","statusCode":401,"errors":null,"stack":"UnauthorizedException: Invalid credentials\n    at file:///C:/prgm/smart-enterprice/service/employeeService.js:198:19\n    at process.processTicksAndRejections (node:internal/process/task_queues:105:5)\n    at async file:///C:/prgm/smart-enterprice/controllers/authController.js:56:33"}
{"timestamp":"2025-05-31 12:36:26","level":"INFO","message":"Incoming POST request to /api/v1/auth/signin","service":"employee-service","environment":"development","type":"API"}
{"timestamp":"2025-05-31 12:36:26","level":"INFO","message":"Signin attempt:","service":"employee-service","environment":"development","email":"dke,e@example.com","ip":"::1","userAgent":"PostmanRuntime/7.37.3"}
{"timestamp":"2025-05-31 12:36:26","level":"ERROR","message":"BadRequestException: Please provide a valid email address Please provide a valid email address","service":"employee-service","environment":"development","success":false,"name":"BadRequestException","statusCode":400,"errors":null,"stack":"BadRequestException: Please provide a valid email address\n    at file:///C:/prgm/smart-enterprice/service/employeeService.js:188:19\n    at Object.asyncUtilWrap [as loginEmployee] (C:\\prgm\\smart-enterprice\\node_modules\\express-async-handler\\index.js:3:20)\n    at file:///C:/prgm/smart-enterprice/controllers/authController.js:56:55\n    at asyncUtilWrap (C:\\prgm\\smart-enterprice\\node_modules\\express-async-handler\\index.js:3:20)\n    at Layer.handleRequest (C:\\prgm\\smart-enterprice\\node_modules\\router\\lib\\layer.js:152:17)\n    at next (C:\\prgm\\smart-enterprice\\node_modules\\router\\lib\\route.js:157:13)\n    at sanitizeInput (file:///C:/prgm/smart-enterprice/controllers/authController.js:18:5)\n    at Layer.handleRequest (C:\\prgm\\smart-enterprice\\node_modules\\router\\lib\\layer.js:152:17)\n    at next (C:\\prgm\\smart-enterprice\\node_modules\\router\\lib\\route.js:157:13)\n    at file:///C:/prgm/smart-enterprice/node_modules/express-rate-limit/dist/index.mjs:794:7"}
{"timestamp":"2025-05-31 12:36:39","level":"INFO","message":"Incoming POST request to /api/v1/auth/signin","service":"employee-service","environment":"development","type":"API"}
{"timestamp":"2025-05-31 12:36:39","level":"INFO","message":"Signin attempt:","service":"employee-service","environment":"development","email":"john.doe@example.com","ip":"::1","userAgent":"PostmanRuntime/7.37.3"}
{"timestamp":"2025-05-31 12:36:39","level":"WARN","message":"Invalid password for: 6023-9639-2989","service":"employee-service","environment":"development"}
{"timestamp":"2025-05-31 12:36:39","level":"ERROR","message":"UnauthorizedException: Invalid credentials Invalid credentials","service":"employee-service","environment":"development","success":false,"name":"UnauthorizedException","statusCode":401,"errors":null,"stack":"UnauthorizedException: Invalid credentials\n    at file:///C:/prgm/smart-enterprice/service/employeeService.js:204:19\n    at async file:///C:/prgm/smart-enterprice/controllers/authController.js:56:33"}
{"timestamp":"2025-05-31 12:37:56","level":"INFO","message":"Incoming POST request to /api/v1/auth/signin","service":"employee-service","environment":"development","type":"API"}
{"timestamp":"2025-05-31 12:37:56","level":"INFO","message":"Signin attempt:","service":"employee-service","environment":"development","email":"john.doe@example.com","ip":"::1","userAgent":"PostmanRuntime/7.37.3"}
{"timestamp":"2025-05-31 12:37:56","level":"ERROR","message":"CustomException: secretOrPrivateKey must have a value secretOrPrivateKey must have a value","service":"employee-service","environment":"development","success":false,"name":"CustomException","statusCode":500,"errors":null,"stack":"CustomException: secretOrPrivateKey must have a value\n    at globalErrorHandler (file:///C:/prgm/smart-enterprice/middleware/errorHandler.js:120:15)\n    at Layer.handleError (C:\\prgm\\smart-enterprice\\node_modules\\router\\lib\\layer.js:116:17)\n    at trimPrefix (C:\\prgm\\smart-enterprice\\node_modules\\router\\index.js:340:13)\n    at C:\\prgm\\smart-enterprice\\node_modules\\router\\index.js:297:9\n    at processParams (C:\\prgm\\smart-enterprice\\node_modules\\router\\index.js:582:12)\n    at next (C:\\prgm\\smart-enterprice\\node_modules\\router\\index.js:291:5)\n    at handleRateLimitError (file:///C:/prgm/smart-enterprice/middleware/errorHandler.js:115:5)\n    at Layer.handleError (C:\\prgm\\smart-enterprice\\node_modules\\router\\lib\\layer.js:116:17)\n    at trimPrefix (C:\\prgm\\smart-enterprice\\node_modules\\router\\index.js:340:13)\n    at C:\\prgm\\smart-enterprice\\node_modules\\router\\index.js:297:9"}
{"timestamp":"2025-05-31 12:39:29","level":"INFO","message":"Database connected successfully","service":"employee-service","environment":"development","type":"DATABASE","database":"project-inverter"}
{"timestamp":"2025-05-31 12:39:29","level":"INFO","message":"Server started on port 1280","service":"employee-service","environment":"development"}
{"timestamp":"2025-05-31 12:39:33","level":"INFO","message":"Incoming POST request to /api/v1/auth/signin","service":"employee-service","environment":"development","type":"API"}
{"timestamp":"2025-05-31 12:39:33","level":"INFO","message":"Signin attempt:","service":"employee-service","environment":"development","email":"john.doe@example.com","ip":"::1","userAgent":"PostmanRuntime/7.37.3"}
{"timestamp":"2025-05-31 12:39:33","level":"ERROR","message":"CustomException: secretOrPrivateKey must have a value secretOrPrivateKey must have a value","service":"employee-service","environment":"development","success":false,"name":"CustomException","statusCode":500,"errors":null,"stack":"CustomException: secretOrPrivateKey must have a value\n    at globalErrorHandler (file:///C:/prgm/smart-enterprice/middleware/errorHandler.js:120:15)\n    at Layer.handleError (C:\\prgm\\smart-enterprice\\node_modules\\router\\lib\\layer.js:116:17)\n    at trimPrefix (C:\\prgm\\smart-enterprice\\node_modules\\router\\index.js:340:13)\n    at C:\\prgm\\smart-enterprice\\node_modules\\router\\index.js:297:9\n    at processParams (C:\\prgm\\smart-enterprice\\node_modules\\router\\index.js:582:12)\n    at next (C:\\prgm\\smart-enterprice\\node_modules\\router\\index.js:291:5)\n    at handleRateLimitError (file:///C:/prgm/smart-enterprice/middleware/errorHandler.js:115:5)\n    at Layer.handleError (C:\\prgm\\smart-enterprice\\node_modules\\router\\lib\\layer.js:116:17)\n    at trimPrefix (C:\\prgm\\smart-enterprice\\node_modules\\router\\index.js:340:13)\n    at C:\\prgm\\smart-enterprice\\node_modules\\router\\index.js:297:9"}
{"timestamp":"2025-05-31 12:40:21","level":"INFO","message":"Database connected successfully","service":"employee-service","environment":"development","type":"DATABASE","database":"project-inverter"}
{"timestamp":"2025-05-31 12:40:21","level":"INFO","message":"Server started on port 1280","service":"employee-service","environment":"development"}
{"timestamp":"2025-05-31 12:40:24","level":"INFO","message":"Incoming POST request to /api/v1/auth/signin","service":"employee-service","environment":"development","type":"API"}
{"timestamp":"2025-05-31 12:40:24","level":"INFO","message":"Signin attempt:","service":"employee-service","environment":"development","email":"john.doe@example.com","ip":"::1","userAgent":"PostmanRuntime/7.37.3"}
{"timestamp":"2025-05-31 12:40:24","level":"INFO","message":"Employee logged in: 6023-9639-2989","service":"employee-service","environment":"development"}
{"timestamp":"2025-05-31 12:40:24","level":"INFO","message":"Signin successful:","service":"employee-service","environment":"development","employeeId":"6023-9639-2989","email":"john.doe@example.com","ip":"::1"}
{"timestamp":"2025-05-31 12:40:44","level":"INFO","message":"Database connected successfully","service":"employee-service","environment":"development","type":"DATABASE","database":"project-inverter"}
{"timestamp":"2025-05-31 12:40:44","level":"INFO","message":"Server started on port 1280","service":"employee-service","environment":"development"}
{"timestamp":"2025-05-31 12:44:25","level":"INFO","message":"Database connected successfully","service":"employee-service","environment":"development","type":"DATABASE","database":"project-inverter"}
{"timestamp":"2025-05-31 12:44:25","level":"INFO","message":"Server started on port 1280","service":"employee-service","environment":"development"}
{"timestamp":"2025-05-31 12:47:27","level":"INFO","message":"Database connected successfully","service":"employee-service","environment":"development","type":"DATABASE","database":"project-inverter"}
{"timestamp":"2025-05-31 12:47:27","level":"INFO","message":"Server started on port 1280","service":"employee-service","environment":"development"}
{"timestamp":"2025-05-31 12:47:31","level":"INFO","message":"Incoming POST request to /api/v1/auth/signin","service":"employee-service","environment":"development","type":"API"}
{"timestamp":"2025-05-31 12:47:31","level":"INFO","message":"Signin attempt:","service":"employee-service","environment":"development","email":"john.doe@example.com","ip":"::1","userAgent":"PostmanRuntime/7.37.3"}
{"timestamp":"2025-05-31 12:47:31","level":"INFO","message":"Employee logged in: 6023-9639-2989","service":"employee-service","environment":"development"}
{"timestamp":"2025-05-31 12:47:31","level":"INFO","message":"Signin successful:","service":"employee-service","environment":"development","employeeId":"6023-9639-2989","email":"john.doe@example.com","ip":"::1"}
{"timestamp":"2025-05-31 12:48:25","level":"INFO","message":"Received SIGINT. Shutting down gracefully...","service":"employee-service","environment":"development"}
{"timestamp":"2025-05-31 12:48:30","level":"INFO","message":"Database connected successfully","service":"employee-service","environment":"development","type":"DATABASE","database":"project-inverter"}
{"timestamp":"2025-05-31 12:48:30","level":"INFO","message":"Server started on port 1280","service":"employee-service","environment":"development"}
{"timestamp":"2025-05-31 12:48:34","level":"INFO","message":"Incoming POST request to /api/v1/auth/signin","service":"employee-service","environment":"development","type":"API"}
{"timestamp":"2025-05-31 12:48:34","level":"INFO","message":"Signin attempt:","service":"employee-service","environment":"development","email":"john.doe@example.com","ip":"::1","userAgent":"PostmanRuntime/7.37.3"}
{"timestamp":"2025-05-31 12:48:34","level":"INFO","message":"Employee logged in: 6023-9639-2989","service":"employee-service","environment":"development"}
{"timestamp":"2025-05-31 12:48:34","level":"INFO","message":"Signin successful:","service":"employee-service","environment":"development","employeeId":"6023-9639-2989","email":"john.doe@example.com","ip":"::1"}
{"timestamp":"2025-05-31 12:49:11","level":"INFO","message":"Database connected successfully","service":"employee-service","environment":"development","type":"DATABASE","database":"project-inverter"}
{"timestamp":"2025-05-31 12:49:11","level":"INFO","message":"Server started on port 1280","service":"employee-service","environment":"development"}
{"timestamp":"2025-05-31 12:49:34","level":"INFO","message":"Database connected successfully","service":"employee-service","environment":"development","type":"DATABASE","database":"project-inverter"}
{"timestamp":"2025-05-31 12:49:34","level":"INFO","message":"Server started on port 1280","service":"employee-service","environment":"development"}
{"timestamp":"2025-05-31 12:49:48","level":"INFO","message":"Database connected successfully","service":"employee-service","environment":"development","type":"DATABASE","database":"project-inverter"}
{"timestamp":"2025-05-31 12:49:48","level":"INFO","message":"Server started on port 1280","service":"employee-service","environment":"development"}
{"timestamp":"2025-05-31 12:49:58","level":"INFO","message":"Database connected successfully","service":"employee-service","environment":"development","type":"DATABASE","database":"project-inverter"}
{"timestamp":"2025-05-31 12:49:58","level":"INFO","message":"Server started on port 1280","service":"employee-service","environment":"development"}
{"timestamp":"2025-05-31 12:50:33","level":"INFO","message":"Database connected successfully","service":"employee-service","environment":"development","type":"DATABASE","database":"project-inverter"}
{"timestamp":"2025-05-31 12:50:33","level":"INFO","message":"Server started on port 1280","service":"employee-service","environment":"development"}
{"timestamp":"2025-05-31 12:50:49","level":"INFO","message":"Database connected successfully","service":"employee-service","environment":"development","type":"DATABASE","database":"project-inverter"}
{"timestamp":"2025-05-31 12:50:49","level":"INFO","message":"Server started on port 1280","service":"employee-service","environment":"development"}
{"timestamp":"2025-05-31 12:50:53","level":"INFO","message":"Incoming POST request to /api/v1/auth/signin","service":"employee-service","environment":"development","type":"API"}
{"timestamp":"2025-05-31 12:50:53","level":"INFO","message":"Signin attempt:","service":"employee-service","environment":"development","email":"john.doe@example.com","ip":"::1","userAgent":"PostmanRuntime/7.37.3"}
{"timestamp":"2025-05-31 12:50:53","level":"INFO","message":"Employee logged in: 6023-9639-2989","service":"employee-service","environment":"development"}
{"timestamp":"2025-05-31 12:50:53","level":"INFO","message":"Signin successful:","service":"employee-service","environment":"development","employeeId":"6023-9639-2989","email":"john.doe@example.com","ip":"::1"}
{"timestamp":"2025-05-31 12:54:18","level":"INFO","message":"Database connected successfully","service":"employee-service","environment":"development","type":"DATABASE","database":"project-inverter"}
{"timestamp":"2025-05-31 12:54:18","level":"INFO","message":"Server started on port 1280","service":"employee-service","environment":"development"}
{"timestamp":"2025-05-31 12:54:28","level":"INFO","message":"Database connected successfully","service":"employee-service","environment":"development","type":"DATABASE","database":"project-inverter"}
{"timestamp":"2025-05-31 12:54:28","level":"INFO","message":"Server started on port 1280","service":"employee-service","environment":"development"}
{"timestamp":"2025-05-31 12:55:06","level":"INFO","message":"Database connected successfully","service":"employee-service","environment":"development","type":"DATABASE","database":"project-inverter"}
{"timestamp":"2025-05-31 12:55:06","level":"INFO","message":"Server started on port 1280","service":"employee-service","environment":"development"}
{"timestamp":"2025-05-31 12:55:37","level":"INFO","message":"Database connected successfully","service":"employee-service","environment":"development","type":"DATABASE","database":"project-inverter"}
{"timestamp":"2025-05-31 12:55:37","level":"INFO","message":"Server started on port 1280","service":"employee-service","environment":"development"}
{"timestamp":"2025-05-31 12:58:28","level":"INFO","message":"Database connected successfully","service":"employee-service","environment":"development","type":"DATABASE","database":"project-inverter"}
{"timestamp":"2025-05-31 12:58:28","level":"INFO","message":"Server started on port 1280","service":"employee-service","environment":"development"}
{"timestamp":"2025-05-31 12:58:43","level":"INFO","message":"Database connected successfully","service":"employee-service","environment":"development","type":"DATABASE","database":"project-inverter"}
{"timestamp":"2025-05-31 12:58:43","level":"INFO","message":"Server started on port 1280","service":"employee-service","environment":"development"}
{"timestamp":"2025-05-31 12:58:49","level":"INFO","message":"Incoming POST request to /api/v1/auth/signin","service":"employee-service","environment":"development","type":"API"}
{"timestamp":"2025-05-31 12:58:49","level":"INFO","message":"Signin attempt:","service":"employee-service","environment":"development","email":"john.doe@example.com","ip":"::1","userAgent":"PostmanRuntime/7.37.3"}
{"timestamp":"2025-05-31 12:58:49","level":"INFO","message":"Employee logged in: 6023-9639-2989","service":"employee-service","environment":"development"}
{"timestamp":"2025-05-31 12:58:49","level":"INFO","message":"Signin successful:","service":"employee-service","environment":"development","employeeId":"6023-9639-2989","email":"john.doe@example.com","ip":"::1"}
{"timestamp":"2025-05-31 12:58:56","level":"INFO","message":"Incoming POST request to /api/v1/employees/signup","service":"employee-service","environment":"development","type":"API"}
{"timestamp":"2025-05-31 12:58:56","level":"ERROR","message":"UnauthorizedException: Authorization token missing or malformed Authorization token missing or malformed","service":"employee-service","environment":"development","success":false,"name":"UnauthorizedException","statusCode":401,"errors":null,"stack":"UnauthorizedException: Authorization token missing or malformed\n    at verifyToken (file:///C:/prgm/smart-enterprice/middleware/verifyToken.js:10:15)\n    at Layer.handleRequest (C:\\prgm\\smart-enterprice\\node_modules\\router\\lib\\layer.js:152:17)\n    at trimPrefix (C:\\prgm\\smart-enterprice\\node_modules\\router\\index.js:342:13)\n    at C:\\prgm\\smart-enterprice\\node_modules\\router\\index.js:297:9\n    at processParams (C:\\prgm\\smart-enterprice\\node_modules\\router\\index.js:582:12)\n    at next (C:\\prgm\\smart-enterprice\\node_modules\\router\\index.js:291:5)\n    at internalNext (file:///C:/prgm/smart-enterprice/node_modules/helmet/index.mjs:527:6)\n    at xXssProtectionMiddleware (file:///C:/prgm/smart-enterprice/node_modules/helmet/index.mjs:307:3)\n    at internalNext (file:///C:/prgm/smart-enterprice/node_modules/helmet/index.mjs:525:6)\n    at xPoweredByMiddleware (file:///C:/prgm/smart-enterprice/node_modules/helmet/index.mjs:300:3)"}
{"timestamp":"2025-05-31 12:59:14","level":"INFO","message":"Incoming POST request to /api/v1/employees/signup","service":"employee-service","environment":"development","type":"API"}
{"timestamp":"2025-05-31 12:59:14","level":"INFO","message":"Signup attempt:","service":"employee-service","environment":"development","email":"john.doe@example.com","role":"ROLE_MANAGER","ip":"::1","userAgent":"PostmanRuntime/7.37.3"}
{"timestamp":"2025-05-31 12:59:14","level":"ERROR","message":"ConflictException:  Email already exists. Please use a different email.  Email already exists. Please use a different email.","service":"employee-service","environment":"development","success":false,"name":"ConflictException","statusCode":409,"errors":null,"stack":"ConflictException:  Email already exists. Please use a different email.\n    at checkExistingEmployee (file:///C:/prgm/smart-enterprice/service/employeeService.js:103:15)\n    at process.processTicksAndRejections (node:internal/process/task_queues:105:5)\n    at async file:///C:/prgm/smart-enterprice/service/employeeService.js:171:9\n    at async file:///C:/prgm/smart-enterprice/controllers/employeeController.js:61:33"}
{"timestamp":"2025-05-31 13:00:11","level":"INFO","message":"Database connected successfully","service":"employee-service","environment":"development","type":"DATABASE","database":"project-inverter"}
{"timestamp":"2025-05-31 13:00:11","level":"INFO","message":"Server started on port 1280","service":"employee-service","environment":"development"}
{"timestamp":"2025-05-31 13:00:26","level":"INFO","message":"Database connected successfully","service":"employee-service","environment":"development","type":"DATABASE","database":"project-inverter"}
{"timestamp":"2025-05-31 13:00:26","level":"INFO","message":"Server started on port 1280","service":"employee-service","environment":"development"}
{"timestamp":"2025-05-31 13:00:32","level":"INFO","message":"Database connected successfully","service":"employee-service","environment":"development","type":"DATABASE","database":"project-inverter"}
{"timestamp":"2025-05-31 13:00:32","level":"INFO","message":"Server started on port 1280","service":"employee-service","environment":"development"}
{"timestamp":"2025-05-31 13:00:34","level":"INFO","message":"Incoming POST request to /api/v1/employees/signup","service":"employee-service","environment":"development","type":"API"}
{"timestamp":"2025-05-31 13:00:34","level":"ERROR","message":"CustomException: UnauthorizedException is not defined UnauthorizedException is not defined","service":"employee-service","environment":"development","success":false,"name":"CustomException","statusCode":500,"errors":null,"stack":"CustomException: UnauthorizedException is not defined\n    at globalErrorHandler (file:///C:/prgm/smart-enterprice/middleware/errorHandler.js:120:15)\n    at Layer.handleError (C:\\prgm\\smart-enterprice\\node_modules\\router\\lib\\layer.js:116:17)\n    at trimPrefix (C:\\prgm\\smart-enterprice\\node_modules\\router\\index.js:340:13)\n    at C:\\prgm\\smart-enterprice\\node_modules\\router\\index.js:297:9\n    at processParams (C:\\prgm\\smart-enterprice\\node_modules\\router\\index.js:582:12)\n    at next (C:\\prgm\\smart-enterprice\\node_modules\\router\\index.js:291:5)\n    at handleRateLimitError (file:///C:/prgm/smart-enterprice/middleware/errorHandler.js:115:5)\n    at Layer.handleError (C:\\prgm\\smart-enterprice\\node_modules\\router\\lib\\layer.js:116:17)\n    at trimPrefix (C:\\prgm\\smart-enterprice\\node_modules\\router\\index.js:340:13)\n    at C:\\prgm\\smart-enterprice\\node_modules\\router\\index.js:297:9"}
{"timestamp":"2025-05-31 13:02:01","level":"INFO","message":"Database connected successfully","service":"employee-service","environment":"development","type":"DATABASE","database":"project-inverter"}
{"timestamp":"2025-05-31 13:02:01","level":"INFO","message":"Server started on port 1280","service":"employee-service","environment":"development"}
{"timestamp":"2025-05-31 13:02:14","level":"INFO","message":"Database connected successfully","service":"employee-service","environment":"development","type":"DATABASE","database":"project-inverter"}
{"timestamp":"2025-05-31 13:02:14","level":"INFO","message":"Server started on port 1280","service":"employee-service","environment":"development"}
{"timestamp":"2025-05-31 13:02:17","level":"INFO","message":"Incoming POST request to /api/v1/employees/signup","service":"employee-service","environment":"development","type":"API"}
{"timestamp":"2025-05-31 13:02:17","level":"ERROR","message":"UnauthorizedException: Admin access required Admin access required","service":"employee-service","environment":"development","success":false,"name":"UnauthorizedException","statusCode":401,"errors":null,"stack":"UnauthorizedException: Admin access required\n    at file:///C:/prgm/smart-enterprice/controllers/employeeController.js:54:23\n    at asyncUtilWrap (C:\\prgm\\smart-enterprice\\node_modules\\express-async-handler\\index.js:3:20)\n    at Layer.handleRequest (C:\\prgm\\smart-enterprice\\node_modules\\router\\lib\\layer.js:152:17)\n    at next (C:\\prgm\\smart-enterprice\\node_modules\\router\\lib\\route.js:157:13)\n    at sanitizeInput (file:///C:/prgm/smart-enterprice/controllers/employeeController.js:22:5)\n    at Layer.handleRequest (C:\\prgm\\smart-enterprice\\node_modules\\router\\lib\\layer.js:152:17)\n    at next (C:\\prgm\\smart-enterprice\\node_modules\\router\\lib\\route.js:157:13)\n    at file:///C:/prgm/smart-enterprice/node_modules/express-rate-limit/dist/index.mjs:794:7\n    at process.processTicksAndRejections (node:internal/process/task_queues:105:5)\n    at async file:///C:/prgm/smart-enterprice/node_modules/express-rate-limit/dist/index.mjs:676:5"}
{"timestamp":"2025-05-31 13:04:24","level":"INFO","message":"Database connected successfully","service":"employee-service","environment":"development","type":"DATABASE","database":"project-inverter"}
{"timestamp":"2025-05-31 13:04:24","level":"INFO","message":"Server started on port 1280","service":"employee-service","environment":"development"}
{"timestamp":"2025-05-31 13:04:59","level":"INFO","message":"Database connected successfully","service":"employee-service","environment":"development","type":"DATABASE","database":"project-inverter"}
{"timestamp":"2025-05-31 13:04:59","level":"INFO","message":"Server started on port 1280","service":"employee-service","environment":"development"}
{"timestamp":"2025-05-31 13:05:03","level":"INFO","message":"Incoming POST request to /api/v1/employees/signup","service":"employee-service","environment":"development","type":"API"}
{"timestamp":"2025-05-31 13:05:03","level":"ERROR","message":"UnauthorizedException: Admin access required Admin access required","service":"employee-service","environment":"development","success":false,"name":"UnauthorizedException","statusCode":401,"errors":null,"stack":"UnauthorizedException: Admin access required\n    at file:///C:/prgm/smart-enterprice/controllers/employeeController.js:54:23\n    at asyncUtilWrap (C:\\prgm\\smart-enterprice\\node_modules\\express-async-handler\\index.js:3:20)\n    at Layer.handleRequest (C:\\prgm\\smart-enterprice\\node_modules\\router\\lib\\layer.js:152:17)\n    at next (C:\\prgm\\smart-enterprice\\node_modules\\router\\lib\\route.js:157:13)\n    at sanitizeInput (file:///C:/prgm/smart-enterprice/controllers/employeeController.js:22:5)\n    at Layer.handleRequest (C:\\prgm\\smart-enterprice\\node_modules\\router\\lib\\layer.js:152:17)\n    at next (C:\\prgm\\smart-enterprice\\node_modules\\router\\lib\\route.js:157:13)\n    at file:///C:/prgm/smart-enterprice/node_modules/express-rate-limit/dist/index.mjs:794:7\n    at process.processTicksAndRejections (node:internal/process/task_queues:105:5)\n    at async file:///C:/prgm/smart-enterprice/node_modules/express-rate-limit/dist/index.mjs:676:5"}
{"timestamp":"2025-05-31 13:05:19","level":"INFO","message":"Received SIGINT. Shutting down gracefully...","service":"employee-service","environment":"development"}
{"timestamp":"2025-05-31 13:05:26","level":"INFO","message":"Database connected successfully","service":"employee-service","environment":"development","type":"DATABASE","database":"project-inverter"}
{"timestamp":"2025-05-31 13:05:26","level":"INFO","message":"Server started on port 1280","service":"employee-service","environment":"development"}
{"timestamp":"2025-05-31 13:05:37","level":"INFO","message":"Database connected successfully","service":"employee-service","environment":"development","type":"DATABASE","database":"project-inverter"}
{"timestamp":"2025-05-31 13:05:37","level":"INFO","message":"Server started on port 1280","service":"employee-service","environment":"development"}
{"timestamp":"2025-05-31 13:05:40","level":"INFO","message":"Database connected successfully","service":"employee-service","environment":"development","type":"DATABASE","database":"project-inverter"}
{"timestamp":"2025-05-31 13:05:40","level":"INFO","message":"Server started on port 1280","service":"employee-service","environment":"development"}
{"timestamp":"2025-05-31 13:05:44","level":"INFO","message":"Incoming POST request to /api/v1/employees/signup","service":"employee-service","environment":"development","type":"API"}
{"timestamp":"2025-05-31 13:05:44","level":"ERROR","message":"UnauthorizedException: Access denied: Only administrators are authorized to perform this action. Access denied: Only administrators are authorized to perform this action.","service":"employee-service","environment":"development","success":false,"name":"UnauthorizedException","statusCode":401,"errors":null,"stack":"UnauthorizedException: Access denied: Only administrators are authorized to perform this action.\n    at file:///C:/prgm/smart-enterprice/controllers/employeeController.js:54:23\n    at asyncUtilWrap (C:\\prgm\\smart-enterprice\\node_modules\\express-async-handler\\index.js:3:20)\n    at Layer.handleRequest (C:\\prgm\\smart-enterprice\\node_modules\\router\\lib\\layer.js:152:17)\n    at next (C:\\prgm\\smart-enterprice\\node_modules\\router\\lib\\route.js:157:13)\n    at sanitizeInput (file:///C:/prgm/smart-enterprice/controllers/employeeController.js:22:5)\n    at Layer.handleRequest (C:\\prgm\\smart-enterprice\\node_modules\\router\\lib\\layer.js:152:17)\n    at next (C:\\prgm\\smart-enterprice\\node_modules\\router\\lib\\route.js:157:13)\n    at file:///C:/prgm/smart-enterprice/node_modules/express-rate-limit/dist/index.mjs:794:7\n    at process.processTicksAndRejections (node:internal/process/task_queues:105:5)\n    at async file:///C:/prgm/smart-enterprice/node_modules/express-rate-limit/dist/index.mjs:676:5"}
{"timestamp":"2025-05-31 13:09:00","level":"INFO","message":"Received SIGINT. Shutting down gracefully...","service":"employee-service","environment":"development"}
